[02:24:49] [ServerMain/INFO]: [bootstrap] Running Java 21 (OpenJDK 64-Bit Server VM 21.0.8+9-Ubuntu-0ubuntu124.04.1; Ubuntu null) on Linux 6.8.0-1030-azure (amd64)
[02:24:49] [ServerMain/INFO]: [bootstrap] Loading Paper 1.21.8-6-main@782ce95 (2025-07-18T20:26:58Z) for Minecraft 1.21.8
[02:24:49] [ServerMain/INFO]: [PluginInitializerManager] Initializing plugins...
[02:24:49] [ServerMain/INFO]: [PluginInitializerManager] Initialized 0 plugins
[02:24:50] [Paper Plugin Remapper Thread - 0/INFO]: [ReobfServer] Remapping server...
[02:24:56] [ServerMain/INFO]: Environment: Environment[sessionHost=https://sessionserver.mojang.com, servicesHost=https://api.minecraftservices.com, name=PROD]
[02:24:57] [ServerMain/INFO]: Found new data pack file/bukkit, loading it automatically
[02:24:57] [ServerMain/INFO]: Found new data pack paper, loading it automatically
[02:24:58] [ServerMain/INFO]: No existing world data, creating new world
[02:24:59] [Paper Plugin Remapper Thread - 0/INFO]: [ReobfServer] Done remapping server in 8907ms.
[02:24:59] [ServerMain/INFO]: Loaded 1407 recipes
[02:24:59] [ServerMain/INFO]: Loaded 1520 advancements
[02:24:59] [ServerMain/INFO]: [ca.spottedleaf.dataconverter.minecraft.datatypes.MCTypeRegistry] Initialising converters for DataConverter...
[02:25:00] [ServerMain/INFO]: [ca.spottedleaf.dataconverter.minecraft.datatypes.MCTypeRegistry] Finished initialising converters for DataConverter in 506.4ms
[02:25:00] [Server thread/INFO]: Starting minecraft server version 1.21.8
[02:25:00] [Server thread/INFO]: Loading properties
[02:25:00] [Server thread/INFO]: This server is running Paper version 1.21.8-6-main@782ce95 (2025-07-18T20:26:58Z) (Implementing API version 1.21.8-R0.1-SNAPSHOT)
[02:25:00] [Server thread/INFO]: [spark] This server bundles the spark profiler. For more information please visit https://docs.papermc.io/paper/profiling
[02:25:00] [Server thread/INFO]: Server Ping Player Sample Count: 12
[02:25:00] [Server thread/INFO]: Using 4 threads for Netty based IO
[02:25:01] [Server thread/INFO]: [MoonriseCommon] Paper is using 1 worker threads, 1 I/O threads
[02:25:01] [Server thread/INFO]: [ChunkTaskScheduler] Chunk system is using population gen parallelism: true
[02:25:01] [Server thread/INFO]: Default game type: SURVIVAL
[02:25:01] [Server thread/INFO]: Generating keypair
[02:25:01] [Server thread/INFO]: Starting Minecraft server on *:25565
[02:25:01] [Server thread/INFO]: Using epoll channel type
[02:25:01] [Server thread/INFO]: Paper: Using libdeflate (Linux x86_64) compression from Velocity.
[02:25:01] [Server thread/INFO]: Paper: Using OpenSSL 3.x.x (Linux x86_64) cipher from Velocity.
[02:25:01] [Server thread/WARN]: **** SERVER IS RUNNING IN OFFLINE/INSECURE MODE!
[02:25:01] [Server thread/WARN]: The server will make no attempt to authenticate usernames. Beware.
[02:25:01] [Server thread/WARN]: While this makes the game possible to play without internet access, it also opens up the ability for hackers to connect with any username they choose.
[02:25:01] [Server thread/WARN]: To change this, set "online-mode" to "true" in the server.properties file.
[02:25:01] [Server thread/INFO]: Preparing level "world"
[02:25:13] [Server thread/INFO]: Preparing start region for dimension minecraft:overworld
[02:25:13] [Server thread/INFO]: Preparing spawn area: 2%
[02:25:13] [Server thread/INFO]: Preparing spawn area: 2%
[02:25:14] [Server thread/INFO]: Preparing spawn area: 2%
[02:25:14] [Server thread/INFO]: Preparing spawn area: 2%
[02:25:15] [Server thread/INFO]: Preparing spawn area: 18%
[02:25:15] [Server thread/INFO]: Preparing spawn area: 18%
[02:25:16] [Server thread/INFO]: Preparing spawn area: 18%
[02:25:16] [Server thread/INFO]: Preparing spawn area: 18%
[02:25:17] [Server thread/INFO]: Preparing spawn area: 51%
[02:25:17] [Server thread/INFO]: Preparing spawn area: 51%
[02:25:18] [Server thread/INFO]: Preparing spawn area: 59%
[02:25:18] [Server thread/INFO]: Preparing spawn area: 59%
[02:25:19] [Server thread/INFO]: Preparing spawn area: 61%
[02:25:19] [Server thread/INFO]: Time elapsed: 6324 ms
[02:25:19] [Server thread/INFO]: Preparing start region for dimension minecraft:the_nether
[02:25:19] [Server thread/INFO]: Preparing spawn area: 2%
[02:25:19] [Server thread/INFO]: Preparing spawn area: 4%
[02:25:20] [Server thread/INFO]: Preparing spawn area: 22%
[02:25:20] [Server thread/INFO]: Preparing spawn area: 51%
[02:25:21] [Server thread/INFO]: Preparing spawn area: 69%
[02:25:21] [Server thread/INFO]: Time elapsed: 2041 ms
[02:25:21] [Server thread/INFO]: Preparing start region for dimension minecraft:the_end
[02:25:21] [Server thread/INFO]: Preparing spawn area: 2%
[02:25:21] [Server thread/INFO]: Preparing spawn area: 51%
[02:25:22] [Server thread/INFO]: Time elapsed: 537 ms
[02:25:22] [Server thread/INFO]: [spark] Starting background profiler...
[02:25:22] [Server thread/INFO]: Done preparing level "world" (20.827s)
[02:25:22] [Server thread/INFO]: Running delayed init tasks
[02:25:22] [Server thread/INFO]: Done (34.098s)! For help, type "help"
[02:25:22] [Server thread/INFO]: *************************************************************************************
[02:25:22] [Server thread/INFO]: This is the first time you're starting this server.
[02:25:22] [Server thread/INFO]: It's recommended you read our 'Getting Started' documentation for guidance.
[02:25:22] [Server thread/INFO]: View this and more helpful information here: https://docs.papermc.io/paper/next-steps
[02:25:22] [Server thread/INFO]: *************************************************************************************
